#
# A fatal error has been detected by the Java Runtime Environment:
#
#  SIGSEGV (0xb) at pc=0xb77bf422, pid=9335, tid=3076282624
#
# JRE version: 7.0_21-b11
# Java VM: Java HotSpot(TM) Server VM (23.21-b01 mixed mode linux-x86 )
# Problematic frame:
# C  [+0x422]  __kernel_vsyscall+0xe
#
# Failed to write core dump. Core dumps have been disabled. To enable core dumping, try "ulimit -c unlimited" before starting Java again
#
# If you would like to submit a bug report, please visit:
#   http://bugreport.sun.com/bugreport/crash.jsp
#

---------------  T H R E A D  ---------------

Current thread is native thread

siginfo:si_signo=SIGSEGV: si_errno=0, si_code=0 (SEGV0), si_addr=0x00007a00

Registers:
EAX=0x000000f0, EBX=0xb6969ba8, ECX=0x00000000, EDX=0x0000247c
ESP=0xbfd44280, EBP=0xb6969b40, ESI=0x00000000, EDI=0xb77a0ff4
EIP=0xb77bf422, EFLAGS=0x00000202, CR2=0xb77a2100

Top of Stack: (sp=0xbfd44280)
0xbfd44280:   b6969b40 0000247c 00000000 b7790e1c
0xbfd44290:   bfd442b0 b7790d40 b6969d64 b7639334
0xbfd442a0:   b6969480 b778a628 b75c5900 00000000
0xbfd442b0:   b7790d40 b6969d64 00000000 00000000
0xbfd442c0:   bfd44338 b77d46b0 b6969ba8 b7787ac0
0xbfd442d0:   00000000 bfd44300 bfd44338 b778146a
0xbfd442e0:   b6969b40 bfd44324 b77765d0 bfd44370
0xbfd442f0:   bfd44320 00002710 00050000 b776b470 

Instructions: (pc=0xb77bf422)
0xb77bf402:   77 00 00 00 cd 80 90 8d 76 00 b8 ad 00 00 00 cd
0xb77bf412:   80 90 51 52 55 89 e5 0f 34 90 90 90 90 90 90 90
0xb77bf422:   cd 80 5d 5a 59 c3 00 2e 73 68 73 74 72 74 61 62
0xb77bf432:   00 2e 68 61 73 68 00 2e 64 79 6e 73 79 6d 00 2e 

Register to memory mapping:

EAX=0x000000f0 is an unknown value
EBX=0xb6969ba8 is pointing into the stack for thread: 0xb6808400
ECX=0x00000000 is an unknown value
EDX=0x0000247c is an unknown value
ESP=0xbfd44280 is an unknown value
EBP=0xb6969b40 is pointing into the stack for thread: 0xb6808400
ESI=0x00000000 is an unknown value
EDI=0xb77a0ff4: <offset 0x17ff4> in /lib/i386-linux-gnu/libpthread.so.0 at 0xb7789000


Stack: [0xbfcfa000,0xbfd4a000],  sp=0xbfd44280,  free space=296k
Native frames: (J=compiled Java code, j=interpreted, Vv=VM code, C=native code)
C  [+0x422]  __kernel_vsyscall+0xe


---------------  P R O C E S S  ---------------

VM state:not at safepoint (normal execution)

VM Mutex/Monitor currently owned by a thread: None

Heap
 PSYoungGen      total 7360K, used 3220K [0xa8c10000, 0xa9390000, 0xb36b0000)
  eden space 7040K, 44% used [0xa8c10000,0xa8f1d0e0,0xa92f0000)
  from space 320K, 30% used [0xa92f0000,0xa9308000,0xa9340000)
  to   space 320K, 0% used [0xa9340000,0xa9340000,0xa9390000)
 ParOldGen       total 128576K, used 126607K [0x936b0000, 0x9b440000, 0xa8c10000)
  object space 128576K, 98% used [0x936b0000,0x9b253cc0,0x9b440000)
 PSPermGen       total 22912K, used 22625K [0x8f6b0000, 0x90d10000, 0x936b0000)
  object space 22912K, 98% used [0x8f6b0000,0x90cc86b0,0x90d10000)

Card table byte_map: [0x8f58f000,0x8f6b0000] byte_map_base: 0x8f113a80

Polling page: 0xb77b0000

Code Cache  [0xb377b000, 0xb3db3000, 0xb677b000)
 total_blobs=2178 nmethods=2024 adapters=104 free_code_cache=42837Kb largest_free_block=43818176

Compilation events (10 events):
Event: 19160,932 Thread 0x8cfdc400 2124             sun.misc.VM::isBooted (4 bytes)
Event: 19160,933 Thread 0x8cfdc400 nmethod 2124 0xb3da3008 code [0xb3da30e0, 0xb3da3130]
Event: 19185,020 Thread 0x8cfdc400 2125             java.nio.DirectByteBuffer::address (5 bytes)
Event: 19185,021 Thread 0x8cfdc400 nmethod 2125 0xb3da2e88 code [0xb3da2f60, 0xb3da2fb0]
Event: 19248,146 Thread 0x8cfda800 2126             org.datanucleus.api.jpa.JPAAdapter::getName (3 bytes)
Event: 19248,146 Thread 0x8cfda800 nmethod 2126 0xb3da2d08 code [0xb3da2e00, 0xb3da2e50]
Event: 19370,385 Thread 0x8cfdc400 2127             org.mortbay.util.URIUtil::addPaths (203 bytes)
Event: 19370,413 Thread 0x8cfdc400 nmethod 2127 0xb3daa5c8 code [0xb3daa7e0, 0xb3dab680]
Event: 19693,420 Thread 0x8cfda800 2128  s          java.lang.Throwable::getOurStackTrace (80 bytes)
Event: 19693,425 Thread 0x8cfda800 nmethod 2128 0xb3dac3c8 code [0xb3dac520, 0xb3dac9a4]

GC Heap History (10 events):
Event: 24908,471 GC heap before
{Heap before GC invocations=5406 (full 59):
 PSYoungGen      total 7424K, used 7184K [0xa8c10000, 0xa93b0000, 0xb36b0000)
  eden space 7040K, 100% used [0xa8c10000,0xa92f0000,0xa92f0000)
  from space 384K, 37% used [0xa9350000,0xa9374010,0xa93b0000)
  to   space 384K, 0% used [0xa92f0000,0xa92f0000,0xa9350000)
 ParOldGen       total 128576K, used 126579K [0x936b0000, 0x9b440000, 0xa8c10000)
  object space 128576K, 98% used [0x936b0000,0x9b24ccc0,0x9b440000)
 PSPermGen       total 22912K, used 22625K [0x8f6b0000, 0x90d10000, 0x936b0000)
  object space 22912K, 98% used [0x8f6b0000,0x90cc86b0,0x90d10000)
Event: 24908,474 GC heap after
Heap after GC invocations=5406 (full 59):
 PSYoungGen      total 7424K, used 152K [0xa8c10000, 0xa93b0000, 0xb36b0000)
  eden space 7040K, 0% used [0xa8c10000,0xa8c10000,0xa92f0000)
  from space 384K, 39% used [0xa92f0000,0xa9316020,0xa9350000)
  to   space 384K, 0% used [0xa9350000,0xa9350000,0xa93b0000)
 ParOldGen       total 128576K, used 126583K [0x936b0000, 0x9b440000, 0xa8c10000)
  object space 128576K, 98% used [0x936b0000,0x9b24dcc0,0x9b440000)
 PSPermGen       total 22912K, used 22625K [0x8f6b0000, 0x90d10000, 0x936b0000)
  object space 22912K, 98% used [0x8f6b0000,0x90cc86b0,0x90d10000)
}
Event: 24912,571 GC heap before
{Heap before GC invocations=5407 (full 59):
 PSYoungGen      total 7424K, used 7192K [0xa8c10000, 0xa93b0000, 0xb36b0000)
  eden space 7040K, 100% used [0xa8c10000,0xa92f0000,0xa92f0000)
  from space 384K, 39% used [0xa92f0000,0xa9316020,0xa9350000)
  to   space 384K, 0% used [0xa9350000,0xa9350000,0xa93b0000)
 ParOldGen       total 128576K, used 126583K [0x936b0000, 0x9b440000, 0xa8c10000)
  object space 128576K, 98% used [0x936b0000,0x9b24dcc0,0x9b440000)
 PSPermGen       total 22912K, used 22625K [0x8f6b0000, 0x90d10000, 0x936b0000)
  object space 22912K, 98% used [0x8f6b0000,0x90cc86b0,0x90d10000)
Event: 24912,574 GC heap after
Heap after GC invocations=5407 (full 59):
 PSYoungGen      total 7296K, used 160K [0xa8c10000, 0xa9390000, 0xb36b0000)
  eden space 7040K, 0% used [0xa8c10000,0xa8c10000,0xa92f0000)
  from space 256K, 62% used [0xa9350000,0xa9378010,0xa9390000)
  to   space 320K, 0% used [0xa92f0000,0xa92f0000,0xa9340000)
 ParOldGen       total 128576K, used 126587K [0x936b0000, 0x9b440000, 0xa8c10000)
  object space 128576K, 98% used [0x936b0000,0x9b24ecc0,0x9b440000)
 PSPermGen       total 22912K, used 22625K [0x8f6b0000, 0x90d10000, 0x936b0000)
  object space 22912K, 98% used [0x8f6b0000,0x90cc86b0,0x90d10000)
}
Event: 24916,651 GC heap before
{Heap before GC invocations=5408 (full 59):
 PSYoungGen      total 7296K, used 7200K [0xa8c10000, 0xa9390000, 0xb36b0000)
  eden space 7040K, 100% used [0xa8c10000,0xa92f0000,0xa92f0000)
  from space 256K, 62% used [0xa9350000,0xa9378010,0xa9390000)
  to   space 320K, 0% used [0xa92f0000,0xa92f0000,0xa9340000)
 ParOldGen       total 128576K, used 126587K [0x936b0000, 0x9b440000, 0xa8c10000)
  object space 128576K, 98% used [0x936b0000,0x9b24ecc0,0x9b440000)
 PSPermGen       total 22912K, used 22625K [0x8f6b0000, 0x90d10000, 0x936b0000)
  object space 22912K, 98% used [0x8f6b0000,0x90cc86b0,0x90d10000)
Event: 24916,654 GC heap after
Heap after GC invocations=5408 (full 59):
 PSYoungGen      total 7360K, used 141K [0xa8c10000, 0xa9390000, 0xb36b0000)
  eden space 7040K, 0% used [0xa8c10000,0xa8c10000,0xa92f0000)
  from space 320K, 44% used [0xa92f0000,0xa9313740,0xa9340000)
  to   space 320K, 0% used [0xa9340000,0xa9340000,0xa9390000)
 ParOldGen       total 128576K, used 126591K [0x936b0000, 0x9b440000, 0xa8c10000)
  object space 128576K, 98% used [0x936b0000,0x9b24fcc0,0x9b440000)
 PSPermGen       total 22912K, used 22625K [0x8f6b0000, 0x90d10000, 0x936b0000)
  object space 22912K, 98% used [0x8f6b0000,0x90cc86b0,0x90d10000)
}
Event: 24922,774 GC heap before
{Heap before GC invocations=5409 (full 59):
 PSYoungGen      total 7360K, used 7181K [0xa8c10000, 0xa9390000, 0xb36b0000)
  eden space 7040K, 100% used [0xa8c10000,0xa92f0000,0xa92f0000)
  from space 320K, 44% used [0xa92f0000,0xa9313740,0xa9340000)
  to   space 320K, 0% used [0xa9340000,0xa9340000,0xa9390000)
 ParOldGen       total 128576K, used 126591K [0x936b0000, 0x9b440000, 0xa8c10000)
  object space 128576K, 98% used [0x936b0000,0x9b24fcc0,0x9b440000)
 PSPermGen       total 22912K, used 22625K [0x8f6b0000, 0x90d10000, 0x936b0000)
  object space 22912K, 98% used [0x8f6b0000,0x90cc86b0,0x90d10000)
Event: 24922,777 GC heap after
Heap after GC invocations=5409 (full 59):
 PSYoungGen      total 7360K, used 112K [0xa8c10000, 0xa9390000, 0xb36b0000)
  eden space 7040K, 0% used [0xa8c10000,0xa8c10000,0xa92f0000)
  from space 320K, 35% used [0xa9340000,0xa935c000,0xa9390000)
  to   space 320K, 0% used [0xa92f0000,0xa92f0000,0xa9340000)
 ParOldGen       total 128576K, used 126599K [0x936b0000, 0x9b440000, 0xa8c10000)
  object space 128576K, 98% used [0x936b0000,0x9b251cc0,0x9b440000)
 PSPermGen       total 22912K, used 22625K [0x8f6b0000, 0x90d10000, 0x936b0000)
  object space 22912K, 98% used [0x8f6b0000,0x90cc86b0,0x90d10000)
}
Event: 24926,856 GC heap before
{Heap before GC invocations=5410 (full 59):
 PSYoungGen      total 7360K, used 7152K [0xa8c10000, 0xa9390000, 0xb36b0000)
  eden space 7040K, 100% used [0xa8c10000,0xa92f0000,0xa92f0000)
  from space 320K, 35% used [0xa9340000,0xa935c000,0xa9390000)
  to   space 320K, 0% used [0xa92f0000,0xa92f0000,0xa9340000)
 ParOldGen       total 128576K, used 126599K [0x936b0000, 0x9b440000, 0xa8c10000)
  object space 128576K, 98% used [0x936b0000,0x9b251cc0,0x9b440000)
 PSPermGen       total 22912K, used 22625K [0x8f6b0000, 0x90d10000, 0x936b0000)
  object space 22912K, 98% used [0x8f6b0000,0x90cc86b0,0x90d10000)
Event: 24926,858 GC heap after
Heap after GC invocations=5410 (full 59):
 PSYoungGen      total 7360K, used 96K [0xa8c10000, 0xa9390000, 0xb36b0000)
  eden space 7040K, 0% used [0xa8c10000,0xa8c10000,0xa92f0000)
  from space 320K, 30% used [0xa92f0000,0xa9308000,0xa9340000)
  to   space 320K, 0% used [0xa9340000,0xa9340000,0xa9390000)
 ParOldGen       total 128576K, used 126607K [0x936b0000, 0x9b440000, 0xa8c10000)
  object space 128576K, 98% used [0x936b0000,0x9b253cc0,0x9b440000)
 PSPermGen       total 22912K, used 22625K [0x8f6b0000, 0x90d10000, 0x936b0000)
  object space 22912K, 98% used [0x8f6b0000,0x90cc86b0,0x90d10000)
}

Deoptimization events (10 events):
Event: 8654,771 Thread 0x8b4bc400 Uncommon trap -42 fr.pc 0xb3cd1374
Event: 8654,771 Thread 0x8b4bc400 Uncommon trap -42 fr.pc 0xb3cd1374
Event: 8654,771 Thread 0x8b4bc400 Uncommon trap -42 fr.pc 0xb3cfac5c
Event: 8654,771 Thread 0x8b4bc400 Uncommon trap -42 fr.pc 0xb3bb6348
Event: 8654,775 Thread 0x8b4bc400 Uncommon trap -42 fr.pc 0xb3ce3e40
Event: 8654,776 Thread 0x8b4bc400 Uncommon trap -42 fr.pc 0xb3ce3dc4
Event: 8654,777 Thread 0x8b4bc400 Uncommon trap -42 fr.pc 0xb3ce3dc4
Event: 12574,646 Thread 0x8ce1c800 Uncommon trap -34 fr.pc 0xb39ad710
Event: 12574,646 Thread 0x8ce1c800 Uncommon trap -34 fr.pc 0xb3b435bc
Event: 12574,647 Thread 0x8ce1c800 Uncommon trap -34 fr.pc 0xb3cc76c0

Internal exceptions (10 events):
Event: 24658,914 Thread 0x8ce1c800 Threw 0xa8deac88 at /HUDSON/workspace/jdk7u21-2-build-linux-i586-product/jdk7u21/hotspot/src/share/vm/prims/jni.cpp:716
Event: 24665,059 Thread 0x8ce1c800 Threw 0xa90f30f8 at /HUDSON/workspace/jdk7u21-2-build-linux-i586-product/jdk7u21/hotspot/src/share/vm/prims/jni.cpp:716
Event: 24738,697 Thread 0x8ce1c800 Threw 0xa92f1350 at /HUDSON/workspace/jdk7u21-2-build-linux-i586-product/jdk7u21/hotspot/src/share/vm/prims/jni.cpp:716
Event: 24740,741 Thread 0x8ce1c800 Threw 0xa8f57870 at /HUDSON/workspace/jdk7u21-2-build-linux-i586-product/jdk7u21/hotspot/src/share/vm/prims/jni.cpp:716
Event: 24753,055 Thread 0x8ce1c800 Threw 0xa8e88968 at /HUDSON/workspace/jdk7u21-2-build-linux-i586-product/jdk7u21/hotspot/src/share/vm/prims/jni.cpp:716
Event: 24769,457 Thread 0x8ce1c800 Threw 0xa8d81468 at /HUDSON/workspace/jdk7u21-2-build-linux-i586-product/jdk7u21/hotspot/src/share/vm/prims/jni.cpp:716
Event: 24830,821 Thread 0x8ce1c800 Threw 0xa9099f18 at /HUDSON/workspace/jdk7u21-2-build-linux-i586-product/jdk7u21/hotspot/src/share/vm/prims/jni.cpp:716
Event: 24834,908 Thread 0x8ce1c800 Threw 0xa9069048 at /HUDSON/workspace/jdk7u21-2-build-linux-i586-product/jdk7u21/hotspot/src/share/vm/prims/jni.cpp:716
Event: 24888,031 Thread 0x8ce1c800 Threw 0xa8db4a90 at /HUDSON/workspace/jdk7u21-2-build-linux-i586-product/jdk7u21/hotspot/src/share/vm/prims/jni.cpp:716
Event: 24898,251 Thread 0x8ce1c800 Threw 0xa9065e78 at /HUDSON/workspace/jdk7u21-2-build-linux-i586-product/jdk7u21/hotspot/src/share/vm/prims/jni.cpp:716

Events (10 events):
Event: 24908,471 Executing VM operation: ParallelGCFailedAllocation
Event: 24908,474 Executing VM operation: ParallelGCFailedAllocation done
Event: 24912,571 Executing VM operation: ParallelGCFailedAllocation
Event: 24912,574 Executing VM operation: ParallelGCFailedAllocation done
Event: 24916,650 Executing VM operation: ParallelGCFailedAllocation
Event: 24916,654 Executing VM operation: ParallelGCFailedAllocation done
Event: 24922,774 Executing VM operation: ParallelGCFailedAllocation
Event: 24922,777 Executing VM operation: ParallelGCFailedAllocation done
Event: 24926,855 Executing VM operation: ParallelGCFailedAllocation
Event: 24926,858 Executing VM operation: ParallelGCFailedAllocation done


Dynamic libraries:
08048000-08049000 r-xp 00000000 08:07 4987899    /opt/Oracle_Java/jre1.7.0_21/bin/java
08049000-0804a000 rw-p 00000000 08:07 4987899    /opt/Oracle_Java/jre1.7.0_21/bin/java
08ff9000-092ea000 rw-p 00000000 00:00 0          [heap]
88f00000-88fd5000 rw-p 00000000 00:00 0 
88fd5000-89000000 ---p 00000000 00:00 0 
89100000-891fe000 rw-p 00000000 00:00 0 
891fe000-89200000 ---p 00000000 00:00 0 
89200000-892fe000 rw-p 00000000 00:00 0 
892fe000-89300000 ---p 00000000 00:00 0 
89300000-893ff000 rw-p 00000000 00:00 0 
893ff000-89400000 ---p 00000000 00:00 0 
89500000-895f0000 rw-p 00000000 00:00 0 
895f0000-89600000 ---p 00000000 00:00 0 
89700000-897fd000 rw-p 00000000 00:00 0 
897fd000-89800000 ---p 00000000 00:00 0 
8980d000-89810000 ---p 00000000 00:00 0 
89810000-8985e000 rw-p 00000000 00:00 0 
8985e000-89861000 ---p 00000000 00:00 0 
89861000-898af000 rw-p 00000000 00:00 0 
898af000-898b2000 ---p 00000000 00:00 0 
898b2000-89900000 rw-p 00000000 00:00 0 
89900000-89ae3000 rw-p 00000000 00:00 0 
89ae3000-89b00000 ---p 00000000 00:00 0 
89b00000-89cd8000 rw-p 00000000 00:00 0 
89cd8000-89d00000 ---p 00000000 00:00 0 
89d00000-89dfb000 rw-p 00000000 00:00 0 
89dfb000-89e00000 ---p 00000000 00:00 0 
89e00000-89f00000 rw-p 00000000 00:00 0 
89f00000-89fee000 rw-p 00000000 00:00 0 
89fee000-8a000000 ---p 00000000 00:00 0 
8a000000-8a0e5000 rw-p 00000000 00:00 0 
8a0e5000-8a100000 ---p 00000000 00:00 0 
8a100000-8a1ef000 rw-p 00000000 00:00 0 
8a1ef000-8a200000 ---p 00000000 00:00 0 
8a200000-8a2fe000 rw-p 00000000 00:00 0 
8a2fe000-8a300000 ---p 00000000 00:00 0 
8a300000-8a3f8000 rw-p 00000000 00:00 0 
8a3f8000-8a400000 ---p 00000000 00:00 0 
8a400000-8a4eb000 rw-p 00000000 00:00 0 
8a4eb000-8a500000 ---p 00000000 00:00 0 
8a500000-8a700000 rw-p 00000000 00:00 0 
8a700000-8a7ea000 rw-p 00000000 00:00 0 
8a7ea000-8a800000 ---p 00000000 00:00 0 
8a800000-8a900000 rw-p 00000000 00:00 0 
8a900000-8a9fe000 rw-p 00000000 00:00 0 
8a9fe000-8aa00000 ---p 00000000 00:00 0 
8aa00000-8aafc000 rw-p 00000000 00:00 0 
8aafc000-8ab00000 ---p 00000000 00:00 0 
8ab00000-8abf4000 rw-p 00000000 00:00 0 
8abf4000-8ac00000 ---p 00000000 00:00 0 
8ac0d000-8ac10000 ---p 00000000 00:00 0 
8ac10000-8ac5e000 rw-p 00000000 00:00 0 
8ac5e000-8ac61000 ---p 00000000 00:00 0 
8ac61000-8acaf000 rw-p 00000000 00:00 0 
8acaf000-8acb2000 ---p 00000000 00:00 0 
8acb2000-8ad00000 rw-p 00000000 00:00 0 
8ad00000-8ae00000 rw-p 00000000 00:00 0 
8ae0d000-8ae10000 ---p 00000000 00:00 0 
8ae10000-8ae5e000 rw-p 00000000 00:00 0 
8ae5e000-8ae61000 ---p 00000000 00:00 0 
8ae61000-8aeaf000 rw-p 00000000 00:00 0 
8aeaf000-8aeb2000 ---p 00000000 00:00 0 
8aeb2000-8af00000 rw-p 00000000 00:00 0 
8af00000-8b000000 rw-p 00000000 00:00 0 
8b00d000-8b010000 ---p 00000000 00:00 0 
8b010000-8b05e000 rw-p 00000000 00:00 0 
8b05e000-8b061000 ---p 00000000 00:00 0 
8b061000-8b0af000 rw-p 00000000 00:00 0 
8b0af000-8b0b2000 ---p 00000000 00:00 0 
8b0b2000-8b100000 rw-p 00000000 00:00 0 
8b100000-8b1c5000 rw-p 00000000 00:00 0 
8b1c5000-8b200000 ---p 00000000 00:00 0 
8b200000-8b300000 rw-p 00000000 00:00 0 
8b30d000-8b310000 ---p 00000000 00:00 0 
8b310000-8b35e000 rw-p 00000000 00:00 0 
8b35e000-8b361000 ---p 00000000 00:00 0 
8b361000-8b3af000 rw-p 00000000 00:00 0 
8b3af000-8b3b2000 ---p 00000000 00:00 0 
8b3b2000-8b400000 rw-p 00000000 00:00 0 
8b400000-8b500000 rw-p 00000000 00:00 0 
8b500000-8b5ff000 rw-p 00000000 00:00 0 
8b5ff000-8b600000 ---p 00000000 00:00 0 
8b600000-8b6f1000 rw-p 00000000 00:00 0 
8b6f1000-8b700000 ---p 00000000 00:00 0 
8b72a000-8b72d000 ---p 00000000 00:00 0 
8b72d000-8b77b000 rw-p 00000000 00:00 0 
8b77b000-8b77e000 ---p 00000000 00:00 0 
8b77e000-8b7cc000 rw-p 00000000 00:00 0 
8b800000-8b900000 rw-p 00000000 00:00 0 
8b91e000-8b925000 r--s 00000000 08:07 11583023   /usr/lib/i386-linux-gnu/gconv/gconv-modules.cache
8b925000-8ba00000 r--s 00b27000 08:07 8005320    /home/roland/workspace2/DurandalWeb/war/WEB-INF/lib/appengine-api-1.0-sdk-1.8.5.jar
8ba00000-8baff000 rw-p 00000000 00:00 0 
8baff000-8bb00000 ---p 00000000 00:00 0 
8bb03000-8bb28000 r--p 00000000 08:07 265391     /usr/share/locale-langpack/de/LC_MESSAGES/libc.mo
8bb2c000-8bb5e000 r--s 00b15000 08:07 8005233    /home/roland/workspace2/DurandalWeb/war/WEB-INF/lib/appengine-api-labs.jar
8bb5e000-8bb61000 ---p 00000000 00:00 0 
8bb61000-8bbaf000 rw-p 00000000 00:00 0 
8bbaf000-8bbb2000 ---p 00000000 00:00 0 
8bbb2000-8bc00000 rw-p 00000000 00:00 0 
8bc00000-8bd00000 rw-p 00000000 00:00 0 
8bd12000-8bd3e000 r--s 001b6000 08:07 8005235    /home/roland/workspace2/DurandalWeb/war/WEB-INF/lib/appengine-endpoints.jar
8bd3e000-8bd40000 r--s 00003000 08:07 8005141    /home/roland/development/appengine-java-sdk-1.8.5/lib/tools/jsp/repackaged-appengine-jakarta-jstl-1.1.2.jar
8bd40000-8bd4a000 r--s 0004b000 08:07 8005142    /home/roland/development/appengine-java-sdk-1.8.5/lib/tools/jsp/repackaged-appengine-jakarta-standard-1.1.2.jar
8bd4a000-8bd56000 r--s 00152000 08:07 8005143    /home/roland/development/appengine-java-sdk-1.8.5/lib/tools/jsp/repackaged-appengine-jasper-jdt-6.0.29.jar
8bd56000-8bdaf000 r--s 00584000 08:07 8005089    /home/roland/development/appengine-java-sdk-1.8.5/lib/impl/appengine-api-stubs.jar
8bdaf000-8be25000 r--s 0064e000 08:07 8005091    /home/roland/development/appengine-java-sdk-1.8.5/lib/impl/appengine-local-runtime.jar
8be25000-8bf00000 r--s 00b27000 08:07 8005090    /home/roland/development/appengine-java-sdk-1.8.5/lib/impl/appengine-api.jar
8bf00000-8bffb000 rw-p 00000000 00:00 0 
8bffb000-8c000000 ---p 00000000 00:00 0 
8c000000-8c0f8000 rw-p 00000000 00:00 0 
8c0f8000-8c100000 ---p 00000000 00:00 0 
8c12a000-8c15c000 r--s 00b15000 08:07 8005088    /home/roland/development/appengine-java-sdk-1.8.5/lib/impl/appengine-api-labs.jar
8c15c000-8c1af000 r--s 00498000 08:07 8005092    /home/roland/development/appengine-java-sdk-1.8.5/lib/impl/google_sql.jar
8c1af000-8c1b2000 ---p 00000000 00:00 0 
8c1b2000-8c200000 rw-p 00000000 00:00 0 
8c200000-8c2c5000 rw-p 00000000 00:00 0 
8c2c5000-8c300000 ---p 00000000 00:00 0 
8c300000-8c3f9000 rw-p 00000000 00:00 0 
8c3f9000-8c400000 ---p 00000000 00:00 0 
8c400000-8c4ff000 rw-p 00000000 00:00 0 
8c4ff000-8c500000 ---p 00000000 00:00 0 
8c500000-8c5fb000 rw-p 00000000 00:00 0 
8c5fb000-8c600000 ---p 00000000 00:00 0 
8c600000-8c6fd000 rw-p 00000000 00:00 0 
8c6fd000-8c700000 ---p 00000000 00:00 0 
8c702000-8c71b000 r--s 0018e000 08:07 8005322    /home/roland/workspace2/DurandalWeb/war/WEB-INF/lib/datanucleus-core-3.1.3.jar
8c71b000-8c72e000 r-xp 00000000 08:07 11306168   /lib/i386-linux-gnu/libresolv-2.15.so
8c72e000-8c72f000 ---p 00013000 08:07 11306168   /lib/i386-linux-gnu/libresolv-2.15.so
8c72f000-8c730000 r--p 00013000 08:07 11306168   /lib/i386-linux-gnu/libresolv-2.15.so
8c730000-8c731000 rw-p 00014000 08:07 11306168   /lib/i386-linux-gnu/libresolv-2.15.so
8c731000-8c733000 rw-p 00000000 00:00 0 
8c733000-8c74f000 r-xp 00000000 08:07 11273140   /lib/i386-linux-gnu/libgcc_s.so.1
8c74f000-8c750000 r--p 0001b000 08:07 11273140   /lib/i386-linux-gnu/libgcc_s.so.1
8c750000-8c751000 rw-p 0001c000 08:07 11273140   /lib/i386-linux-gnu/libgcc_s.so.1
8c751000-8c784000 r-xp 00000000 08:07 4990237    /opt/Oracle_Java/jre1.7.0_21/lib/i386/libsunec.so
8c784000-8c788000 rw-p 00032000 08:07 4990237    /opt/Oracle_Java/jre1.7.0_21/lib/i386/libsunec.so
8c788000-8c78c000 rw-p 00000000 00:00 0 
8c78c000-8c78f000 ---p 00000000 00:00 0 
8c78f000-8c7dd000 rw-p 00000000 00:00 0 
8c7dd000-8c7de000 ---p 00000000 00:00 0 
8c7de000-8c85e000 rw-p 00000000 00:00 0 
8c85e000-8c861000 ---p 00000000 00:00 0 
8c861000-8c8df000 rw-p 00000000 00:00 0 
8c8df000-8c8e2000 ---p 00000000 00:00 0 
8c8e2000-8c960000 rw-p 00000000 00:00 0 
8c960000-8ca3b000 r--s 00b27000 08:07 8005151    /home/roland/development/appengine-java-sdk-1.8.5/lib/user/appengine-api-1.0-sdk-1.8.5.jar
8ca3b000-8cace000 r--s 00681000 08:07 8005086    /home/roland/development/appengine-java-sdk-1.8.5/lib/appengine-tools-api.jar
8cace000-8cc00000 r--p 0036f000 08:07 11538809   /usr/lib/locale/locale-archive
8cc00000-8ce00000 r--p 00000000 08:07 11538809   /usr/lib/locale/locale-archive
8ce00000-8ce31000 rw-p 00000000 00:00 0 
8ce31000-8cf00000 ---p 00000000 00:00 0 
8cf00000-8d000000 rw-p 00000000 00:00 0 
8d000000-8d0fd000 rw-p 00000000 00:00 0 
8d0fd000-8d100000 ---p 00000000 00:00 0 
8d101000-8d102000 r--s 00001000 08:07 8005243    /home/roland/workspace2/DurandalWeb/war/WEB-INF/lib/appengine-jsr107cache-1.8.5.jar
8d102000-8d108000 r--s 0004e000 08:07 8005342    /home/roland/workspace2/DurandalWeb/war/WEB-INF/lib/datanucleus-appengine-2.1.2.jar
8d108000-8d10e000 r--s 00017000 08:07 8005338    /home/roland/workspace2/DurandalWeb/war/WEB-INF/lib/geronimo-jpa_2.0_spec-1.0.jar
8d10e000-8d113000 r-xp 00000000 08:07 11306169   /lib/i386-linux-gnu/libnss_dns-2.15.so
8d113000-8d114000 r--p 00004000 08:07 11306169   /lib/i386-linux-gnu/libnss_dns-2.15.so
8d114000-8d115000 rw-p 00005000 08:07 11306169   /lib/i386-linux-gnu/libnss_dns-2.15.so
8d115000-8d11a000 r--s 00049000 08:07 8005340    /home/roland/workspace2/DurandalWeb/war/WEB-INF/lib/datanucleus-api-jdo-3.1.3.jar
8d11a000-8d120000 r--s 0002c000 08:07 8005337    /home/roland/workspace2/DurandalWeb/war/WEB-INF/lib/jdo-api-3.0.1.jar
8d120000-8d124000 r--s 0003b000 08:07 8005321    /home/roland/workspace2/DurandalWeb/war/WEB-INF/lib/datanucleus-api-jpa-3.1.3.jar
8d124000-8d12e000 r--s 00254000 08:07 4990294    /opt/Oracle_Java/jre1.7.0_21/lib/resources.jar
8d12e000-8d131000 ---p 00000000 00:00 0 
8d131000-8d17f000 rw-p 00000000 00:00 0 
8d17f000-8d180000 ---p 00000000 00:00 0 
8d180000-8d200000 rw-p 00000000 00:00 0 
8d200000-8d300000 rw-p 00000000 00:00 0 
8d300000-8d302000 r--s 00012000 08:07 8005093    /home/roland/development/appengine-java-sdk-1.8.5/lib/opt/tools/appengine-local-endpoints/v1/appengine-local-endpoints.jar
8d302000-8d304000 r-xp 00000000 08:07 11272247   /lib/libnss_mdns4_minimal.so.2
8d304000-8d305000 r--p 00001000 08:07 11272247   /lib/libnss_mdns4_minimal.so.2
8d305000-8d306000 rw-p 00002000 08:07 11272247   /lib/libnss_mdns4_minimal.so.2
8d306000-8d309000 ---p 00000000 00:00 0 
8d309000-8d3a2000 rw-p 00000000 00:00 0 
8d3a2000-8d560000 r--s 031bf000 08:07 4990374    /opt/Oracle_Java/jre1.7.0_21/lib/rt.jar
8d560000-8ed00000 rw-p 00000000 00:00 0 
8ed00000-8edf8000 rw-p 00000000 00:00 0 
8edf8000-8ee00000 ---p 00000000 00:00 0 
8ee00000-8ee03000 r--s 000f5000 08:07 4990860    /opt/Oracle_Java/jre1.7.0_21/lib/ext/localedata.jar
8ee03000-8ee07000 r--s 0002d000 08:07 4990858    /opt/Oracle_Java/jre1.7.0_21/lib/ext/sunjce_provider.jar
8ee07000-8ee0b000 r--s 0007d000 08:07 4990296    /opt/Oracle_Java/jre1.7.0_21/lib/jsse.jar
8ee0b000-8ee1f000 r-xp 00000000 08:07 4990251    /opt/Oracle_Java/jre1.7.0_21/lib/i386/libnet.so
8ee1f000-8ee20000 rw-p 00014000 08:07 4990251    /opt/Oracle_Java/jre1.7.0_21/lib/i386/libnet.so
8ee20000-8ee2e000 r-xp 00000000 08:07 4990249    /opt/Oracle_Java/jre1.7.0_21/lib/i386/libnio.so
8ee2e000-8ee2f000 rw-p 0000e000 08:07 4990249    /opt/Oracle_Java/jre1.7.0_21/lib/i386/libnio.so
8ee2f000-8ee32000 r--s 00021000 08:07 8005084    /home/roland/development/appengine-java-sdk-1.8.5/lib/agent/appengine-agentimpl.jar
8ee32000-8ee34000 r--s 00003000 08:07 8005083    /home/roland/development/appengine-java-sdk-1.8.5/lib/agent/appengine-agent.jar
8ee34000-8ee36000 r--s 0000a000 08:07 8005117    /home/roland/development/appengine-java-sdk-1.8.5/lib/opt/user/datanucleus/v2/asm-4.0.jar
8ee36000-8ee3c000 r--s 0004e000 08:07 8005120    /home/roland/development/appengine-java-sdk-1.8.5/lib/opt/user/datanucleus/v2/datanucleus-appengine-2.1.2.jar
8ee3c000-8ee41000 r--s 00049000 08:07 8005118    /home/roland/development/appengine-java-sdk-1.8.5/lib/opt/user/datanucleus/v2/datanucleus-api-jdo-3.1.3.jar
8ee41000-8ee47000 r--s 00017000 08:07 8005122    /home/roland/development/appengine-java-sdk-1.8.5/lib/opt/user/datanucleus/v2/geronimo-jpa_2.0_spec-1.0.jar
8ee47000-8ee4d000 r--s 0002c000 08:07 8005123    /home/roland/development/appengine-java-sdk-1.8.5/lib/opt/user/datanucleus/v2/jdo-api-3.0.1.jar
8ee4d000-8ee7f000 r--s 00b15000 08:07 8005109    /home/roland/development/appengine-java-sdk-1.8.5/lib/opt/user/appengine-api-labs/v1/appengine-api-labs.jar
8ee7f000-8ee80000 ---p 00000000 00:00 0 
8ee80000-8ef00000 rw-p 00000000 00:00 0 
8ef00000-8ef3f000 rw-p 00000000 00:00 0 
8ef3f000-8f000000 ---p 00000000 00:00 0 
8f000000-8f002000 r--s 0000a000 08:07 8005343    /home/roland/workspace2/DurandalWeb/war/WEB-INF/lib/asm-4.0.jar
8f002000-8f02e000 r--s 001b6000 08:07 8005110    /home/roland/development/appengine-java-sdk-1.8.5/lib/opt/user/appengine-endpoints/v1/appengine-endpoints.jar
8f02e000-8f031000 ---p 00000000 00:00 0 
8f031000-8f07f000 rw-p 00000000 00:00 0 
8f07f000-8f080000 ---p 00000000 00:00 0 
8f080000-8f100000 rw-p 00000000 00:00 0 
8f100000-8f1fc000 rw-p 00000000 00:00 0 
8f1fc000-8f200000 ---p 00000000 00:00 0 
8f200000-8f201000 r--s 00001000 08:07 8005249    /home/roland/workspace2/DurandalWeb/war/WEB-INF/lib/jsr107cache-1.1.jar
8f201000-8f21a000 r--s 0018e000 08:07 8005121    /home/roland/development/appengine-java-sdk-1.8.5/lib/opt/user/datanucleus/v2/datanucleus-core-3.1.3.jar
8f21a000-8f22e000 r--s 0012b000 08:07 8005133    /home/roland/development/appengine-java-sdk-1.8.5/lib/shared/jsp/repackaged-appengine-ant-1.7.1.jar
8f22e000-8f231000 ---p 00000000 00:00 0 
8f231000-8f27f000 rw-p 00000000 00:00 0 
8f27f000-8f280000 ---p 00000000 00:00 0 
8f280000-8f300000 rw-p 00000000 00:00 0 
8f300000-8f3d3000 rw-p 00000000 00:00 0 
8f3d3000-8f400000 ---p 00000000 00:00 0 
8f400000-8f401000 r--s 00003000 08:07 8005339    /home/roland/workspace2/DurandalWeb/war/WEB-INF/lib/jta-1.1.jar
8f401000-8f403000 r--s 00009000 08:07 8005087    /home/roland/development/appengine-java-sdk-1.8.5/lib/impl/agent/appengine-agentruntime.jar
8f403000-8f443000 r--p 0032d000 08:07 11538809   /usr/lib/locale/locale-archive
8f443000-8f444000 ---p 00000000 00:00 0 
8f444000-8f4d0000 rw-p 00000000 00:00 0 
8f4d0000-8f4dd000 ---p 00000000 00:00 0 
8f4dd000-8f4e4000 rw-p 00000000 00:00 0 
8f4e4000-8f523000 rw-p 00000000 00:00 0 
8f523000-8f58f000 rw-p 00000000 00:00 0 
8f58f000-8f59b000 rw-p 00000000 00:00 0 
8f59b000-8f5a8000 ---p 00000000 00:00 0 
8f5a8000-8f5af000 rw-p 00000000 00:00 0 
8f5af000-8f5ee000 rw-p 00000000 00:00 0 
8f5ee000-8f659000 rw-p 00000000 00:00 0 
8f659000-8f65e000 rw-p 00000000 00:00 0 
8f65e000-8f6af000 ---p 00000000 00:00 0 
8f6af000-90d10000 rw-p 00000000 00:00 0 
90d10000-927d0000 ---p 00000000 00:00 0 
927d0000-936b0000 rw-p 00000000 00:00 0 
936b0000-9b440000 rw-p 00000000 00:00 0 
9b440000-a8c10000 rw-p 00000000 00:00 0 
a8c10000-a9390000 rw-p 00000000 00:00 0 
a9390000-b36b0000 ---p 00000000 00:00 0 
b36b0000-b36b1000 r--s 00003000 08:07 4990862    /opt/Oracle_Java/jre1.7.0_21/lib/ext/sunec.jar
b36b1000-b36b3000 r--s 00019000 08:07 4990347    /opt/Oracle_Java/jre1.7.0_21/lib/jce.jar
b36b3000-b36b7000 r--s 0003b000 08:07 8005119    /home/roland/development/appengine-java-sdk-1.8.5/lib/opt/user/datanucleus/v2/datanucleus-api-jpa-3.1.3.jar
b36b7000-b36b8000 r--s 00002000 08:07 8005134    /home/roland/development/appengine-java-sdk-1.8.5/lib/shared/jsp/repackaged-appengine-ant-launcher-1.7.1.jar
b36b8000-b36bb000 r--s 00018000 08:07 8005136    /home/roland/development/appengine-java-sdk-1.8.5/lib/shared/jsp/repackaged-appengine-jasper-el-6.0.29.jar
b36bb000-b36d4000 rw-p 00000000 00:00 0 
b36d4000-b377b000 rw-p 00000000 00:00 0 
b377b000-b3db3000 rwxp 00000000 00:00 0 
b3db3000-b677b000 rw-p 00000000 00:00 0 
b677b000-b6792000 r-xp 00000000 08:07 4990242    /opt/Oracle_Java/jre1.7.0_21/lib/i386/libzip.so
b6792000-b6793000 rw-p 00017000 08:07 4990242    /opt/Oracle_Java/jre1.7.0_21/lib/i386/libzip.so
b6793000-b679e000 r-xp 00000000 08:07 11306167   /lib/i386-linux-gnu/libnss_files-2.15.so
b679e000-b679f000 r--p 0000a000 08:07 11306167   /lib/i386-linux-gnu/libnss_files-2.15.so
b679f000-b67a0000 rw-p 0000b000 08:07 11306167   /lib/i386-linux-gnu/libnss_files-2.15.so
b67a0000-b67b6000 r-xp 00000000 08:07 11306183   /lib/i386-linux-gnu/libnsl-2.15.so
b67b6000-b67b7000 r--p 00015000 08:07 11306183   /lib/i386-linux-gnu/libnsl-2.15.so
b67b7000-b67b8000 rw-p 00016000 08:07 11306183   /lib/i386-linux-gnu/libnsl-2.15.so
b67b8000-b67ba000 rw-p 00000000 00:00 0 
b67ba000-b67c1000 r-xp 00000000 08:07 11306165   /lib/i386-linux-gnu/libnss_compat-2.15.so
b67c1000-b67c2000 r--p 00006000 08:07 11306165   /lib/i386-linux-gnu/libnss_compat-2.15.so
b67c2000-b67c3000 rw-p 00007000 08:07 11306165   /lib/i386-linux-gnu/libnss_compat-2.15.so
b67c3000-b67c4000 r--s 00003000 08:07 8005124    /home/roland/development/appengine-java-sdk-1.8.5/lib/opt/user/datanucleus/v2/jta-1.1.jar
b67c4000-b67c5000 r--s 00001000 08:07 8005126    /home/roland/development/appengine-java-sdk-1.8.5/lib/opt/user/jsr107/v1/jsr107cache-1.1.jar
b67c5000-b67cc000 r--s 0007a000 08:07 8005135    /home/roland/development/appengine-java-sdk-1.8.5/lib/shared/jsp/repackaged-appengine-jasper-6.0.29.jar
b67cc000-b67cd000 r--s 00006000 08:07 8005137    /home/roland/development/appengine-java-sdk-1.8.5/lib/shared/jsp/repackaged-appengine-tomcat-juli-6.0.29.jar
b67cd000-b67cf000 r--s 00006000 08:07 8005130    /home/roland/development/appengine-java-sdk-1.8.5/lib/shared/el-api.jar
b67cf000-b67d1000 r--s 00011000 08:07 8005131    /home/roland/development/appengine-java-sdk-1.8.5/lib/shared/jsp-api.jar
b67d1000-b67d4000 r--s 00014000 08:07 8005138    /home/roland/development/appengine-java-sdk-1.8.5/lib/shared/servlet-api.jar
b67d4000-b67dc000 rw-s 00000000 08:07 4725177    /tmp/hsperfdata_roland/9335
b67dc000-b67ff000 r-xp 00000000 08:07 4990286    /opt/Oracle_Java/jre1.7.0_21/lib/i386/libjava.so
b67ff000-b6800000 rw-p 00023000 08:07 4990286    /opt/Oracle_Java/jre1.7.0_21/lib/i386/libjava.so
b6800000-b68fb000 rw-p 00000000 00:00 0 
b68fb000-b6900000 ---p 00000000 00:00 0 
b6900000-b6904000 r--s 00039000 08:07 8005129    /home/roland/development/appengine-java-sdk-1.8.5/lib/shared/appengine-local-runtime-shared.jar
b6904000-b690e000 r-xp 00000000 08:07 11306171   /lib/i386-linux-gnu/libnss_nis-2.15.so
b690e000-b690f000 r--p 00009000 08:07 11306171   /lib/i386-linux-gnu/libnss_nis-2.15.so
b690f000-b6910000 rw-p 0000a000 08:07 11306171   /lib/i386-linux-gnu/libnss_nis-2.15.so
b6910000-b6917000 r-xp 00000000 08:07 11306170   /lib/i386-linux-gnu/librt-2.15.so
b6917000-b6918000 r--p 00006000 08:07 11306170   /lib/i386-linux-gnu/librt-2.15.so
b6918000-b6919000 rw-p 00007000 08:07 11306170   /lib/i386-linux-gnu/librt-2.15.so
b6919000-b691c000 ---p 00000000 00:00 0 
b691c000-b696a000 rw-p 00000000 00:00 0 
b696a000-b6994000 r-xp 00000000 08:07 11306174   /lib/i386-linux-gnu/libm-2.15.so
b6994000-b6995000 r--p 00029000 08:07 11306174   /lib/i386-linux-gnu/libm-2.15.so
b6995000-b6996000 rw-p 0002a000 08:07 11306174   /lib/i386-linux-gnu/libm-2.15.so
b6996000-b7151000 r-xp 00000000 08:07 4990240    /opt/Oracle_Java/jre1.7.0_21/lib/i386/server/libjvm.so
b7151000-b71a3000 rw-p 007bb000 08:07 4990240    /opt/Oracle_Java/jre1.7.0_21/lib/i386/server/libjvm.so
b71a3000-b75c6000 rw-p 00000000 00:00 0 
b75c6000-b7769000 r-xp 00000000 08:07 11306163   /lib/i386-linux-gnu/libc-2.15.so
b7769000-b776b000 r--p 001a3000 08:07 11306163   /lib/i386-linux-gnu/libc-2.15.so
b776b000-b776c000 rw-p 001a5000 08:07 11306163   /lib/i386-linux-gnu/libc-2.15.so
b776c000-b776f000 rw-p 00000000 00:00 0 
b776f000-b7772000 r-xp 00000000 08:07 11306178   /lib/i386-linux-gnu/libdl-2.15.so
b7772000-b7773000 r--p 00002000 08:07 11306178   /lib/i386-linux-gnu/libdl-2.15.so
b7773000-b7774000 rw-p 00003000 08:07 11306178   /lib/i386-linux-gnu/libdl-2.15.so
b7774000-b7787000 r-xp 00000000 08:07 4990279    /opt/Oracle_Java/jre1.7.0_21/lib/i386/jli/libjli.so
b7787000-b7788000 rw-p 00012000 08:07 4990279    /opt/Oracle_Java/jre1.7.0_21/lib/i386/jli/libjli.so
b7788000-b7789000 rw-p 00000000 00:00 0 
b7789000-b77a0000 r-xp 00000000 08:07 11306172   /lib/i386-linux-gnu/libpthread-2.15.so
b77a0000-b77a1000 r--p 00016000 08:07 11306172   /lib/i386-linux-gnu/libpthread-2.15.so
b77a1000-b77a2000 rw-p 00017000 08:07 11306172   /lib/i386-linux-gnu/libpthread-2.15.so
b77a2000-b77a4000 rw-p 00000000 00:00 0 
b77a4000-b77a5000 r--s 00001000 08:07 8005125    /home/roland/development/appengine-java-sdk-1.8.5/lib/opt/user/jsr107/v1/appengine-jsr107cache-1.8.5.jar
b77a5000-b77ae000 r-xp 00000000 08:07 4990267    /opt/Oracle_Java/jre1.7.0_21/lib/i386/libinstrument.so
b77ae000-b77af000 rw-p 00008000 08:07 4990267    /opt/Oracle_Java/jre1.7.0_21/lib/i386/libinstrument.so
b77af000-b77b0000 rw-p 00000000 00:00 0 
b77b0000-b77b1000 r--p 00000000 00:00 0 
b77b1000-b77bc000 r-xp 00000000 08:07 4990243    /opt/Oracle_Java/jre1.7.0_21/lib/i386/libverify.so
b77bc000-b77bd000 rw-p 0000b000 08:07 4990243    /opt/Oracle_Java/jre1.7.0_21/lib/i386/libverify.so
b77bd000-b77bf000 rw-p 00000000 00:00 0 
b77bf000-b77c0000 r-xp 00000000 00:00 0          [vdso]
b77c0000-b77e0000 r-xp 00000000 08:07 11306175   /lib/i386-linux-gnu/ld-2.15.so
b77e0000-b77e1000 r--p 0001f000 08:07 11306175   /lib/i386-linux-gnu/ld-2.15.so
b77e1000-b77e2000 rw-p 00020000 08:07 11306175   /lib/i386-linux-gnu/ld-2.15.so
bfd28000-bfd4a000 rw-p 00000000 00:00 0          [stack]

VM Arguments:
jvm_args: -Ddatastore.default_high_rep_job_policy_unapplied_job_pct=50 -Xmx512m -javaagent:/home/roland/development/appengine-java-sdk-1.8.5/lib/agent/appengine-agent.jar -Dfile.encoding=UTF-8 
java_command: com.google.appengine.tools.development.DevAppServerMain --port=8888 --address=0.0.0.0 /home/roland/workspace2/DurandalWeb/war
Launcher Type: SUN_STANDARD

Environment Variables:
JAVA_HOME=/usr/lib/jvm/java-7-openjdk-i386
PATH=/usr/lib/lightdm/lightdm:/usr/local/sbin:/usr/local/bin:/usr/sbin:/usr/bin:/sbin:/bin:/usr/games
LD_LIBRARY_PATH=/opt/Oracle_Java/jre1.7.0_21/lib/i386/server:/opt/Oracle_Java/jre1.7.0_21/lib/i386:/opt/Oracle_Java/jre1.7.0_21/../lib/i386:/opt/Oracle_Java/jre1.7.0_21/lib/i386/client:/opt/Oracle_Java/jre1.7.0_21/lib/i386:
SHELL=/bin/bash
DISPLAY=:0

Signal Handlers:
SIGSEGV: [libjvm.so+0x722ea0], sa_mask[0]=0x7ffbfeff, sa_flags=0x10000004
SIGBUS: [libjvm.so+0x722ea0], sa_mask[0]=0x7ffbfeff, sa_flags=0x10000004
SIGFPE: [libjvm.so+0x5dbc80], sa_mask[0]=0x7ffbfeff, sa_flags=0x10000004
SIGPIPE: [libjvm.so+0x5dbc80], sa_mask[0]=0x7ffbfeff, sa_flags=0x10000004
SIGXFSZ: [libjvm.so+0x5dbc80], sa_mask[0]=0x7ffbfeff, sa_flags=0x10000004
SIGILL: [libjvm.so+0x5dbc80], sa_mask[0]=0x7ffbfeff, sa_flags=0x10000004
SIGUSR1: SIG_DFL, sa_mask[0]=0x00000000, sa_flags=0x00000000
SIGUSR2: [libjvm.so+0x5db560], sa_mask[0]=0x00000004, sa_flags=0x10000004
SIGHUP: [libjvm.so+0x5ddb50], sa_mask[0]=0x7ffbfeff, sa_flags=0x10000004
SIGINT: [libjvm.so+0x5ddb50], sa_mask[0]=0x7ffbfeff, sa_flags=0x10000004
SIGTERM: [libjvm.so+0x5ddb50], sa_mask[0]=0x7ffbfeff, sa_flags=0x10000004
SIGQUIT: [libjvm.so+0x5ddb50], sa_mask[0]=0x7ffbfeff, sa_flags=0x10000004


---------------  S Y S T E M  ---------------

OS:wheezy/sid

uname:Linux 3.2.0-54-generic-pae #82-Ubuntu SMP Tue Sep 10 20:29:22 UTC 2013 i686
libc:glibc 2.15 NPTL 2.15 
rlimit: STACK 8192k, CORE 0k, NPROC 31286, NOFILE 4096, AS infinity
load average:0,17 0,30 0,36

/proc/meminfo:
MemTotal:        4019300 kB
MemFree:          537524 kB
Buffers:          342172 kB
Cached:          1375196 kB
SwapCached:          188 kB
Active:          2265112 kB
Inactive:        1003976 kB
Active(anon):    1616592 kB
Inactive(anon):   346668 kB
Active(file):     648520 kB
Inactive(file):   657308 kB
Unevictable:           0 kB
Mlocked:               0 kB
HighTotal:       3184456 kB
HighFree:         250616 kB
LowTotal:         834844 kB
LowFree:          286908 kB
SwapTotal:       4093948 kB
SwapFree:        4079040 kB
Dirty:               100 kB
Writeback:             0 kB
AnonPages:       1551532 kB
Mapped:           206068 kB
Shmem:            411540 kB
Slab:             175888 kB
SReclaimable:     152060 kB
SUnreclaim:        23828 kB
KernelStack:        4248 kB
PageTables:        11936 kB
NFS_Unstable:          0 kB
Bounce:                0 kB
WritebackTmp:          0 kB
CommitLimit:     6103596 kB
Committed_AS:    4707372 kB
VmallocTotal:     122880 kB
VmallocUsed:       20416 kB
VmallocChunk:      71828 kB
HardwareCorrupted:     0 kB
AnonHugePages:         0 kB
HugePages_Total:       0
HugePages_Free:        0
HugePages_Rsvd:        0
HugePages_Surp:        0
Hugepagesize:       2048 kB
DirectMap4k:       10232 kB
DirectMap2M:      903168 kB


CPU:total 4 (2 cores per cpu, 2 threads per core) family 6 model 42 stepping 7, cmov, cx8, fxsr, mmx, sse, sse2, sse3, ssse3, sse4.1, sse4.2, popcnt, avx, ht, tsc, tscinvbit

/proc/cpuinfo:
processor	: 0
vendor_id	: GenuineIntel
cpu family	: 6
model		: 42
model name	: Intel(R) Core(TM) i5-2410M CPU @ 2.30GHz
stepping	: 7
microcode	: 0x17
cpu MHz		: 800.000
cache size	: 3072 KB
physical id	: 0
siblings	: 4
core id		: 0
cpu cores	: 2
apicid		: 0
initial apicid	: 0
fdiv_bug	: no
hlt_bug		: no
f00f_bug	: no
coma_bug	: no
fpu		: yes
fpu_exception	: yes
cpuid level	: 13
wp		: yes
flags		: fpu vme de pse tsc msr pae mce cx8 apic sep mtrr pge mca cmov pat pse36 clflush dts acpi mmx fxsr sse sse2 ss ht tm pbe nx rdtscp lm constant_tsc arch_perfmon pebs bts xtopology nonstop_tsc aperfmperf pni pclmulqdq dtes64 monitor ds_cpl vmx est tm2 ssse3 cx16 xtpr pdcm pcid sse4_1 sse4_2 x2apic popcnt tsc_deadline_timer xsave avx lahf_lm ida arat epb xsaveopt pln pts dtherm tpr_shadow vnmi flexpriority ept vpid
bogomips	: 4589.45
clflush size	: 64
cache_alignment	: 64
address sizes	: 36 bits physical, 48 bits virtual
power management:

processor	: 1
vendor_id	: GenuineIntel
cpu family	: 6
model		: 42
model name	: Intel(R) Core(TM) i5-2410M CPU @ 2.30GHz
stepping	: 7
microcode	: 0x17
cpu MHz		: 800.000
cache size	: 3072 KB
physical id	: 0
siblings	: 4
core id		: 0
cpu cores	: 2
apicid		: 1
initial apicid	: 1
fdiv_bug	: no
hlt_bug		: no
f00f_bug	: no
coma_bug	: no
fpu		: yes
fpu_exception	: yes
cpuid level	: 13
wp		: yes
flags		: fpu vme de pse tsc msr pae mce cx8 apic sep mtrr pge mca cmov pat pse36 clflush dts acpi mmx fxsr sse sse2 ss ht tm pbe nx rdtscp lm constant_tsc arch_perfmon pebs bts xtopology nonstop_tsc aperfmperf pni pclmulqdq dtes64 monitor ds_cpl vmx est tm2 ssse3 cx16 xtpr pdcm pcid sse4_1 sse4_2 x2apic popcnt tsc_deadline_timer xsave avx lahf_lm ida arat epb xsaveopt pln pts dtherm tpr_shadow vnmi flexpriority ept vpid
bogomips	: 4589.35
clflush size	: 64
cache_alignment	: 64
address sizes	: 36 bits physical, 48 bits virtual
power management:

processor	: 2
vendor_id	: GenuineIntel
cpu family	: 6
model		: 42
model name	: Intel(R) Core(TM) i5-2410M CPU @ 2.30GHz
stepping	: 7
microcode	: 0x17
cpu MHz		: 2301.000
cache size	: 3072 KB
physical id	: 0
siblings	: 4
core id		: 1
cpu cores	: 2
apicid		: 2
initial apicid	: 2
fdiv_bug	: no
hlt_bug		: no
f00f_bug	: no
coma_bug	: no
fpu		: yes
fpu_exception	: yes
cpuid level	: 13
wp		: yes
flags		: fpu vme de pse tsc msr pae mce cx8 apic sep mtrr pge mca cmov pat pse36 clflush dts acpi mmx fxsr sse sse2 ss ht tm pbe nx rdtscp lm constant_tsc arch_perfmon pebs bts xtopology nonstop_tsc aperfmperf pni pclmulqdq dtes64 monitor ds_cpl vmx est tm2 ssse3 cx16 xtpr pdcm pcid sse4_1 sse4_2 x2apic popcnt tsc_deadline_timer xsave avx lahf_lm ida arat epb xsaveopt pln pts dtherm tpr_shadow vnmi flexpriority ept vpid
bogomips	: 4589.36
clflush size	: 64
cache_alignment	: 64
address sizes	: 36 bits physical, 48 bits virtual
power management:

processor	: 3
vendor_id	: GenuineIntel
cpu family	: 6
model		: 42
model name	: Intel(R) Core(TM) i5-2410M CPU @ 2.30GHz
stepping	: 7
microcode	: 0x17
cpu MHz		: 800.000
cache size	: 3072 KB
physical id	: 0
siblings	: 4
core id		: 1
cpu cores	: 2
apicid		: 3
initial apicid	: 3
fdiv_bug	: no
hlt_bug		: no
f00f_bug	: no
coma_bug	: no
fpu		: yes
fpu_exception	: yes
cpuid level	: 13
wp		: yes
flags		: fpu vme de pse tsc msr pae mce cx8 apic sep mtrr pge mca cmov pat pse36 clflush dts acpi mmx fxsr sse sse2 ss ht tm pbe nx rdtscp lm constant_tsc arch_perfmon pebs bts xtopology nonstop_tsc aperfmperf pni pclmulqdq dtes64 monitor ds_cpl vmx est tm2 ssse3 cx16 xtpr pdcm pcid sse4_1 sse4_2 x2apic popcnt tsc_deadline_timer xsave avx lahf_lm ida arat epb xsaveopt pln pts dtherm tpr_shadow vnmi flexpriority ept vpid
bogomips	: 4589.36
clflush size	: 64
cache_alignment	: 64
address sizes	: 36 bits physical, 48 bits virtual
power management:



Memory: 4k page, physical 4019300k(537524k free), swap 4093948k(4079040k free)

vm_info: Java HotSpot(TM) Server VM (23.21-b01) for linux-x86 JRE (1.7.0_21-b11), built on Apr  4 2013 04:20:11 by "java_re" with gcc 4.3.0 20080428 (Red Hat 4.3.0-8)

time: Sat Oct 12 19:22:50 2013
elapsed time: 24927 seconds

